<?xml version="1.0" encoding="UTF-8"?>
<!-- Generated by org.testng.reporters.JUnitReportReporter -->
<testsuite hostname="apples-MacBook-Air.local" failures="0" tests="2" name="ADataprovider.dp2" time="0.015" errors="0" timestamp="2024-08-24T18:25:43 IST" skipped="0">
  <testcase classname="ADataprovider.dp2" name="m1" time="0.013"/>
  <system-out/>
  <testcase classname="ADataprovider.dp2" name="m1" time="0.002"/>
  <system-out/>
</testsuite> <!-- ADataprovider.dp2 -->
