<?xml version="1.0" encoding="UTF-8"?>
<!-- Generated by org.testng.reporters.JUnitReportReporter -->
<testsuite hostname="apples-MacBook-Air.local" failures="0" tests="2" name="Picassoweb.BrokenLinks" time="0.000" errors="0" timestamp="2024-08-27T12:53:15 IST" skipped="2">
  <testcase classname="Picassoweb.BrokenLinks" name="totalink" time="0.000">
    <skipped/>
  </testcase> <!-- totalink -->
  <system-out/>
  <testcase classname="Picassoweb.BrokenLinks" name="totalcount" time="0.000">
    <skipped/>
  </testcase> <!-- totalcount -->
  <system-out/>
</testsuite> <!-- Picassoweb.BrokenLinks -->
