<?xml version="1.0" encoding="UTF-8"?>
<!-- Generated by org.testng.reporters.JUnitReportReporter -->
<testsuite hostname="apples-MacBook-Air.local" failures="0" tests="2" name="Dataprovider.dataprovider" time="15.276" errors="0" timestamp="2024-08-24T14:52:42 IST" skipped="0">
  <testcase classname="Dataprovider.dataprovider" name="test" time="6.862"/>
  <system-out/>
  <testcase classname="Dataprovider.dataprovider" name="test" time="8.414"/>
  <system-out/>
</testsuite> <!-- Dataprovider.dataprovider -->
