<?xml version="1.0" encoding="UTF-8"?>
<!-- Generated by org.testng.reporters.JUnitReportReporter -->
<testsuite hostname="apples-MacBook-Air.local" failures="0" tests="1" name="FacilGo.FG" time="231.181" errors="0" timestamp="2024-05-02T11:26:36 IST" skipped="0">
  <testcase classname="FacilGo.FG" name="m1" time="231.181"/>
  <system-out/>
</testsuite> <!-- FacilGo.FG -->
