<?xml version="1.0" encoding="UTF-8"?>
<!-- Generated by org.testng.reporters.JUnitReportReporter -->
<testsuite hostname="apples-MacBook-Air.local" failures="0" tests="1" name="Picassoweb.TopNavigation" time="0.000" errors="0" timestamp="2024-08-27T12:53:15 IST" skipped="1">
  <testcase classname="Picassoweb.TopNavigation" name="topnav" time="0.000">
    <skipped/>
  </testcase> <!-- topnav -->
  <system-out/>
</testsuite> <!-- Picassoweb.TopNavigation -->
