<?xml version="1.0" encoding="UTF-8"?>
<!-- Generated by org.testng.reporters.JUnitReportReporter -->
<testsuite hostname="apples-MacBook-Air.local" failures="0" tests="4" name="TestNG_attributes.DependOnMethods" time="0.023" errors="0" timestamp="2024-08-28T18:20:28 IST" skipped="0">
  <testcase classname="TestNG_attributes.DependOnMethods" name="m3" time="0.004"/>
  <system-out/>
  <testcase classname="TestNG_attributes.DependOnMethods" name="m1" time="0.015"/>
  <system-out/>
  <testcase classname="TestNG_attributes.DependOnMethods" name="m4" time="0.002"/>
  <system-out/>
  <testcase classname="TestNG_attributes.DependOnMethods" name="m2" time="0.002"/>
  <system-out/>
</testsuite> <!-- TestNG_attributes.DependOnMethods -->
