<?xml version="1.0" encoding="UTF-8"?>
<!-- Generated by org.testng.reporters.JUnitReportReporter -->
<testsuite hostname="apples-MacBook-Air.local" failures="0" tests="1" name="AC.Test1" time="29.419" errors="1" timestamp="2024-04-03T10:05:49 IST" skipped="0">
  <testcase classname="AC.Test1" name="m1" time="29.419">
    <error message="Unable to load library &#039;tesseract&#039;:
dlopen(libtesseract.dylib, 0x0009): tried: &#039;/Library/Java/JavaVirtualMachines/jdk-21.jdk/Contents/Home/bin/./libtesseract.dylib&#039; (no such file), &#039;/Library/Java/JavaVirtualMachines/jdk-21.jdk/Contents/Home/bin/../lib/libtesseract.dylib&#039; (no such file), &#039;libtesseract.dylib&#039; (no such file), &#039;/usr/lib/libtesseract.dylib&#039; (no such file), &#039;/Users/apple/eclipse-workspace/Picasso/libtesseract.dylib&#039; (no such file)
dlopen(libtesseract.dylib, 0x0009): tried: &#039;/Library/Java/JavaVirtualMachines/jdk-21.jdk/Contents/Home/bin/./libtesseract.dylib&#039; (no such file), &#039;/Library/Java/JavaVirtualMachines/jdk-21.jdk/Contents/Home/bin/../lib/libtesseract.dylib&#039; (no such file), &#039;libtesseract.dylib&#039; (no such file), &#039;/usr/lib/libtesseract.dylib&#039; (no such file), &#039;/Users/apple/eclipse-workspace/Picasso/libtesseract.dylib&#039; (no such file)
dlopen(/Users/apple/Library/Frameworks/tesseract.framework/tesseract, 0x0009): tried: &#039;/Users/apple/Library/Frameworks/tesseract.framework/tesseract&#039; (no such file), &#039;/System/Library/Frameworks/tesseract.framework/tesseract&#039; (no such file)
dlopen(/Library/Frameworks/tesseract.framework/tesseract, 0x0009): tried: &#039;/Library/Frameworks/tesseract.framework/tesseract&#039; (no such file), &#039;/System/Library/Frameworks/tesseract.framework/tesseract&#039; (no such file)
dlopen(/System/Library/Frameworks/tesseract.framework/tesseract, 0x0009): tried: &#039;/System/Library/Frameworks/tesseract.framework/tesseract&#039; (no such file)
Native library (darwin-x86-64/libtesseract.dylib) not found in resource path (/Users/apple/eclipse/java-2023-09/Eclipse.app/Contents/Eclipse/configuration/org.eclipse.osgi/514/0/.cp/lib/testng-remote.jar:/Users/apple/eclipse-workspace/Picasso/target/test-classes:/Users/apple/eclipse-workspace/Picasso/target/classes:/Users/apple/.p2/pool/plugins/org.testng_7.4.0.r202105021533.jar:/Users/apple/.p2/pool/plugins/com.beust.jcommander_1.78.0.jar:/Users/apple/.p2/pool/plugins/org.apache-extras.beanshell.bsh_2.0.0.b6.jar:/Users/apple/.p2/pool/plugins/org.yaml.snakeyaml_1.21.0.jar:/Users/apple/.p2/pool/plugins/org.webjars.jquery_3.5.1.jar:/Users/apple/.m2/repository/org/apache/poi/poi-ooxml/5.2.4/poi-ooxml-5.2.4.jar:/Users/apple/.m2/repository/org/apache/poi/poi-ooxml-lite/5.2.4/poi-ooxml-lite-5.2.4.jar:/Users/apple/.m2/repository/org/apache/xmlbeans/xmlbeans/5.1.1/xmlbeans-5.1.1.jar:/Users/apple/.m2/repository/org/apache/commons/commons-compress/1.24.0/commons-compress-1.24.0.jar:/Users/apple/.m2/repository/commons-io/commons-io/2.13.0/commons-io-2.13.0.jar:/Users/apple/.m2/repository/com/github/virtuald/curvesapi/1.08/curvesapi-1.08.jar:/Users/apple/.m2/repository/org/apache/logging/log4j/log4j-api/2.20.0/log4j-api-2.20.0.jar:/Users/apple/.m2/repository/org/apache/commons/commons-collections4/4.4/commons-collections4-4.4.jar:/Users/apple/.m2/repository/org/apache/poi/poi/3.17/poi-3.17.jar:/Users/apple/.m2/repository/commons-codec/commons-codec/1.10/commons-codec-1.10.jar:/Users/apple/.m2/repository/org/testng/testng/7.8.0/testng-7.8.0.jar:/Users/apple/.m2/repository/com/beust/jcommander/1.82/jcommander-1.82.jar:/Users/apple/.m2/repository/org/webjars/jquery/3.6.1/jquery-3.6.1.jar:/Users/apple/.m2/repository/org/seleniumhq/selenium/selenium-java/4.19.1/selenium-java-4.19.1.jar:/Users/apple/.m2/repository/org/seleniumhq/selenium/selenium-api/4.19.1/selenium-api-4.19.1.jar:/Users/apple/.m2/repository/org/seleniumhq/selenium/selenium-chrome-driver/4.19.1/selenium-chrome-driver-4.19.1.jar:/Users/apple/.m2/repository/com/google/auto/service/auto-service-annotations/1.1.1/auto-service-annotations-1.1.1.jar:/Users/apple/.m2/repository/org/seleniumhq/selenium/selenium-chromium-driver/4.19.1/selenium-chromium-driver-4.19.1.jar:/Users/apple/.m2/repository/org/seleniumhq/selenium/selenium-json/4.19.1/selenium-json-4.19.1.jar:/Users/apple/.m2/repository/org/seleniumhq/selenium/selenium-manager/4.19.1/selenium-manager-4.19.1.jar:/Users/apple/.m2/repository/org/seleniumhq/selenium/selenium-devtools-v121/4.19.1/selenium-devtools-v121-4.19.1.jar:/Users/apple/.m2/repository/org/seleniumhq/selenium/selenium-devtools-v122/4.19.1/selenium-devtools-v122-4.19.1.jar:/Users/apple/.m2/repository/org/seleniumhq/selenium/selenium-devtools-v123/4.19.1/selenium-devtools-v123-4.19.1.jar:/Users/apple/.m2/repository/org/seleniumhq/selenium/selenium-devtools-v85/4.19.1/selenium-devtools-v85-4.19.1.jar:/Users/apple/.m2/repository/org/seleniumhq/selenium/selenium-edge-driver/4.19.1/selenium-edge-driver-4.19.1.jar:/Users/apple/.m2/repository/org/seleniumhq/selenium/selenium-firefox-driver/4.19.1/selenium-firefox-driver-4.19.1.jar:/Users/apple/.m2/repository/org/seleniumhq/selenium/selenium-http/4.19.1/selenium-http-4.19.1.jar:/Users/apple/.m2/repository/dev/failsafe/failsafe/3.3.2/failsafe-3.3.2.jar:/Users/apple/.m2/repository/org/seleniumhq/selenium/selenium-ie-driver/4.19.1/selenium-ie-driver-4.19.1.jar:/Users/apple/.m2/repository/org/seleniumhq/selenium/selenium-remote-driver/4.19.1/selenium-remote-driver-4.19.1.jar:/Users/apple/.m2/repository/com/google/guava/guava/33.1.0-jre/guava-33.1.0-jre.jar:/Users/apple/.m2/repository/com/google/guava/failureaccess/1.0.2/failureaccess-1.0.2.jar:/Users/apple/.m2/repository/com/google/guava/listenablefuture/9999.0-empty-to-avoid-conflict-with-guava/listenablefuture-9999.0-empty-to-avoid-conflict-with-guava.jar:/Users/apple/.m2/repository/com/google/code/findbugs/jsr305/3.0.2/jsr305-3.0.2.jar:/Users/apple/.m2/repository/org/checkerframework/checker-qual/3.42.0/checker-qual-3.42.0.jar:/Users/apple/.m2/repository/com/google/errorprone/error_prone_annotations/2.26.1/error_prone_annotations-2.26.1.jar:/Users/apple/.m2/repository/com/google/j2objc/j2objc-annotations/3.0.0/j2objc-annotations-3.0.0.jar:/Users/apple/.m2/repository/io/opentelemetry/semconv/opentelemetry-semconv/1.23.1-alpha/opentelemetry-semconv-1.23.1-alpha.jar:/Users/apple/.m2/repository/io/opentelemetry/opentelemetry-api/1.36.0/opentelemetry-api-1.36.0.jar:/Users/apple/.m2/repository/io/opentelemetry/opentelemetry-context/1.36.0/opentelemetry-context-1.36.0.jar:/Users/apple/.m2/repository/io/opentelemetry/opentelemetry-exporter-logging/1.36.0/opentelemetry-exporter-logging-1.36.0.jar:/Users/apple/.m2/repository/io/opentelemetry/opentelemetry-sdk-common/1.36.0/opentelemetry-sdk-common-1.36.0.jar:/Users/apple/.m2/repository/io/opentelemetry/opentelemetry-sdk-extension-autoconfigure-spi/1.36.0/opentelemetry-sdk-extension-autoconfigure-spi-1.36.0.jar:/Users/apple/.m2/repository/io/opentelemetry/opentelemetry-sdk-extension-autoconfigure/1.36.0/opentelemetry-sdk-extension-autoconfigure-1.36.0.jar:/Users/apple/.m2/repository/io/opentelemetry/opentelemetry-api-events/1.36.0-alpha/opentelemetry-api-events-1.36.0-alpha.jar:/Users/apple/.m2/repository/io/opentelemetry/opentelemetry-sdk-trace/1.36.0/opentelemetry-sdk-trace-1.36.0.jar:/Users/apple/.m2/repository/io/opentelemetry/opentelemetry-extension-incubator/1.36.0-alpha/opentelemetry-extension-incubator-1.36.0-alpha.jar:/Users/apple/.m2/repository/io/opentelemetry/opentelemetry-sdk/1.36.0/opentelemetry-sdk-1.36.0.jar:/Users/apple/.m2/repository/io/opentelemetry/opentelemetry-sdk-metrics/1.36.0/opentelemetry-sdk-metrics-1.36.0.jar:/Users/apple/.m2/repository/io/opentelemetry/opentelemetry-sdk-logs/1.36.0/opentelemetry-sdk-logs-1.36.0.jar:/Users/apple/.m2/repository/net/bytebuddy/byte-buddy/1.14.12/byte-buddy-1.14.12.jar:/Users/apple/.m2/repository/org/seleniumhq/selenium/selenium-os/4.19.1/selenium-os-4.19.1.jar:/Users/apple/.m2/repository/org/apache/commons/commons-exec/1.3/commons-exec-1.3.jar:/Users/apple/.m2/repository/org/seleniumhq/selenium/selenium-safari-driver/4.19.1/selenium-safari-driver-4.19.1.jar:/Users/apple/.m2/repository/org/seleniumhq/selenium/selenium-support/4.19.1/selenium-support-4.19.1.jar:/Users/apple/.m2/repository/net/sourceforge/tess4j/tess4j/5.10.0/tess4j-5.10.0.jar:/Users/apple/.m2/repository/net/java/dev/jna/jna/5.14.0/jna-5.14.0.jar:/Users/apple/.m2/repository/com/github/jai-imageio/jai-imageio-core/1.4.0/jai-imageio-core-1.4.0.jar:/Users/apple/.m2/repository/org/apache/pdfbox/pdfbox/3.0.1/pdfbox-3.0.1.jar:/Users/apple/.m2/repository/org/apache/pdfbox/pdfbox-io/3.0.1/pdfbox-io-3.0.1.jar:/Users/apple/.m2/repository/org/apache/pdfbox/fontbox/3.0.1/fontbox-3.0.1.jar:/Users/apple/.m2/repository/commons-logging/commons-logging/1.2/commons-logging-1.2.jar:/Users/apple/.m2/repository/org/junit/jupiter/junit-jupiter/5.10.1/junit-jupiter-5.10.1.jar:/Users/apple/.m2/repository/org/junit/jupiter/junit-jupiter-api/5.10.1/junit-jupiter-api-5.10.1.jar:/Users/apple/.m2/repository/org/opentest4j/opentest4j/1.3.0/opentest4j-1.3.0.jar:/Users/apple/.m2/repository/org/junit/platform/junit-platform-commons/1.10.1/junit-platform-commons-1.10.1.jar:/Users/apple/.m2/repository/org/apiguardian/apiguardian-api/1.1.2/apiguardian-api-1.1.2.jar:/Users/apple/.m2/repository/org/junit/jupiter/junit-jupiter-params/5.10.1/junit-jupiter-params-5.10.1.jar:/Users/apple/.m2/repository/org/junit/jupiter/junit-jupiter-engine/5.10.1/junit-jupiter-engine-5.10.1.jar:/Users/apple/.m2/repository/org/junit/platform/junit-platform-engine/1.10.1/junit-platform-engine-1.10.1.jar:/Users/apple/.m2/repository/org/apache/pdfbox/pdfbox-tools/3.0.1/pdfbox-tools-3.0.1.jar:/Users/apple/.m2/repository/org/apache/pdfbox/pdfbox-debugger/3.0.1/pdfbox-debugger-3.0.1.jar:/Users/apple/.m2/repository/info/picocli/picocli/4.7.5/picocli-4.7.5.jar:/Users/apple/.m2/repository/org/apache/pdfbox/jbig2-imageio/3.0.4/jbig2-imageio-3.0.4.jar:/Users/apple/.m2/repository/net/sourceforge/lept4j/lept4j/1.19.0/lept4j-1.19.0.jar:/Users/apple/.m2/repository/org/jboss/jboss-vfs/3.2.17.Final/jboss-vfs-3.2.17.Final.jar:/Users/apple/.m2/repository/org/jboss/logging/jboss-logging/3.1.4.GA/jboss-logging-3.1.4.GA.jar:/Users/apple/.m2/repository/org/bytedeco/tesseract-platform/5.3.1-1.5.9/tesseract-platform-5.3.1-1.5.9.jar:/Users/apple/.m2/repository/org/bytedeco/leptonica-platform/1.83.0-1.5.9/leptonica-platform-1.83.0-1.5.9.jar:/Users/apple/.m2/repository/org/bytedeco/javacpp-platform/1.5.9/javacpp-platform-1.5.9.jar:/Users/apple/.m2/repository/org/bytedeco/javacpp/1.5.9/javacpp-1.5.9-android-arm.jar:/Users/apple/.m2/repository/org/bytedeco/javacpp/1.5.9/javacpp-1.5.9-android-arm64.jar:/Users/apple/.m2/repository/org/bytedeco/javacpp/1.5.9/javacpp-1.5.9-android-x86.jar:/Users/apple/.m2/repository/org/bytedeco/javacpp/1.5.9/javacpp-1.5.9-android-x86_64.jar:/Users/apple/.m2/repository/org/bytedeco/javacpp/1.5.9/javacpp-1.5.9-ios-arm64.jar:/Users/apple/.m2/repository/org/bytedeco/javacpp/1.5.9/javacpp-1.5.9-ios-x86_64.jar:/Users/apple/.m2/repository/org/bytedeco/javacpp/1.5.9/javacpp-1.5.9-linux-armhf.jar:/Users/apple/.m2/repository/org/bytedeco/javacpp/1.5.9/javacpp-1.5.9-linux-arm64.jar:/Users/apple/.m2/repository/org/bytedeco/javacpp/1.5.9/javacpp-1.5.9-linux-ppc64le.jar:/Users/apple/.m2/repository/org/bytedeco/javacpp/1.5.9/javacpp-1.5.9-linux-x86.jar:/Users/apple/.m2/repository/org/bytedeco/javacpp/1.5.9/javacpp-1.5.9-linux-x86_64.jar:/Users/apple/.m2/repository/org/bytedeco/javacpp/1.5.9/javacpp-1.5.9-macosx-arm64.jar:/Users/apple/.m2/repository/org/bytedeco/javacpp/1.5.9/javacpp-1.5.9-macosx-x86_64.jar:/Users/apple/.m2/repository/org/bytedeco/javacpp/1.5.9/javacpp-1.5.9-windows-x86.jar:/Users/apple/.m2/repository/org/bytedeco/javacpp/1.5.9/javacpp-1.5.9-windows-x86_64.jar:/Users/apple/.m2/repository/org/bytedeco/leptonica/1.83.0-1.5.9/leptonica-1.83.0-1.5.9.jar:/Users/apple/.m2/repository/org/bytedeco/leptonica/1.83.0-1.5.9/leptonica-1.83.0-1.5.9-android-arm.jar:/Users/apple/.m2/repository/org/bytedeco/leptonica/1.83.0-1.5.9/leptonica-1.83.0-1.5.9-android-arm64.jar:/Users/apple/.m2/repository/org/bytedeco/leptonica/1.83.0-1.5.9/leptonica-1.83.0-1.5.9-android-x86.jar:/Users/apple/.m2/repository/org/bytedeco/leptonica/1.83.0-1.5.9/leptonica-1.83.0-1.5.9-android-x86_64.jar:/Users/apple/.m2/repository/org/bytedeco/leptonica/1.83.0-1.5.9/leptonica-1.83.0-1.5.9-linux-x86.jar:/Users/apple/.m2/repository/org/bytedeco/leptonica/1.83.0-1.5.9/leptonica-1.83.0-1.5.9-linux-x86_64.jar:/Users/apple/.m2/repository/org/bytedeco/leptonica/1.83.0-1.5.9/leptonica-1.83.0-1.5.9-linux-armhf.jar:/Users/apple/.m2/repository/org/bytedeco/leptonica/1.83.0-1.5.9/leptonica-1.83.0-1.5.9-linux-arm64.jar:/Users/apple/.m2/repository/org/bytedeco/leptonica/1.83.0-1.5.9/leptonica-1.83.0-1.5.9-linux-ppc64le.jar:/Users/apple/.m2/repository/org/bytedeco/leptonica/1.83.0-1.5.9/leptonica-1.83.0-1.5.9-macosx-arm64.jar:/Users/apple/.m2/repository/org/bytedeco/leptonica/1.83.0-1.5.9/leptonica-1.83.0-1.5.9-macosx-x86_64.jar:/Users/apple/.m2/repository/org/bytedeco/leptonica/1.83.0-1.5.9/leptonica-1.83.0-1.5.9-windows-x86.jar:/Users/apple/.m2/repository/org/bytedeco/leptonica/1.83.0-1.5.9/leptonica-1.83.0-1.5.9-windows-x86_64.jar:/Users/apple/.m2/repository/org/bytedeco/tesseract/5.3.1-1.5.9/tesseract-5.3.1-1.5.9.jar:/Users/apple/.m2/repository/org/bytedeco/javacpp/1.5.9/javacpp-1.5.9.jar:/Users/apple/.m2/repository/org/bytedeco/tesseract/5.3.1-1.5.9/tesseract-5.3.1-1.5.9-android-arm.jar:/Users/apple/.m2/repository/org/bytedeco/tesseract/5.3.1-1.5.9/tesseract-5.3.1-1.5.9-android-arm64.jar:/Users/apple/.m2/repository/org/bytedeco/tesseract/5.3.1-1.5.9/tesseract-5.3.1-1.5.9-android-x86.jar:/Users/apple/.m2/repository/org/bytedeco/tesseract/5.3.1-1.5.9/tesseract-5.3.1-1.5.9-android-x86_64.jar:/Users/apple/.m2/repository/org/bytedeco/tesseract/5.3.1-1.5.9/tesseract-5.3.1-1.5.9-linux-x86.jar:/Users/apple/.m2/repository/org/bytedeco/tesseract/5.3.1-1.5.9/tesseract-5.3.1-1.5.9-linux-x86_64.jar:/Users/apple/.m2/repository/org/bytedeco/tesseract/5.3.1-1.5.9/tesseract-5.3.1-1.5.9-linux-armhf.jar:/Users/apple/.m2/repository/org/bytedeco/tesseract/5.3.1-1.5.9/tesseract-5.3.1-1.5.9-linux-arm64.jar:/Users/apple/.m2/repository/org/bytedeco/tesseract/5.3.1-1.5.9/tesseract-5.3.1-1.5.9-linux-ppc64le.jar:/Users/apple/.m2/repository/org/bytedeco/tesseract/5.3.1-1.5.9/tesseract-5.3.1-1.5.9-macosx-arm64.jar:/Users/apple/.m2/repository/org/bytedeco/tesseract/5.3.1-1.5.9/tesseract-5.3.1-1.5.9-macosx-x86_64.jar:/Users/apple/.m2/repository/org/bytedeco/tesseract/5.3.1-1.5.9/tesseract-5.3.1-1.5.9-windows-x86.jar:/Users/apple/.m2/repository/org/bytedeco/tesseract/5.3.1-1.5.9/tesseract-5.3.1-1.5.9-windows-x86_64.jar:/Users/apple/.m2/repository/org/slf4j/slf4j-api/1.7.32/slf4j-api-1.7.32.jar:/Users/apple/.m2/repository/ch/qos/logback/logback-classic/1.2.6/logback-classic-1.2.6.jar:/Users/apple/.m2/repository/ch/qos/logback/logback-core/1.2.6/logback-core-1.2.6.jar)" type="java.lang.UnsatisfiedLinkError">
      <![CDATA[java.lang.UnsatisfiedLinkError: Unable to load library 'tesseract':
dlopen(libtesseract.dylib, 0x0009): tried: '/Library/Java/JavaVirtualMachines/jdk-21.jdk/Contents/Home/bin/./libtesseract.dylib' (no such file), '/Library/Java/JavaVirtualMachines/jdk-21.jdk/Contents/Home/bin/../lib/libtesseract.dylib' (no such file), 'libtesseract.dylib' (no such file), '/usr/lib/libtesseract.dylib' (no such file), '/Users/apple/eclipse-workspace/Picasso/libtesseract.dylib' (no such file)
dlopen(libtesseract.dylib, 0x0009): tried: '/Library/Java/JavaVirtualMachines/jdk-21.jdk/Contents/Home/bin/./libtesseract.dylib' (no such file), '/Library/Java/JavaVirtualMachines/jdk-21.jdk/Contents/Home/bin/../lib/libtesseract.dylib' (no such file), 'libtesseract.dylib' (no such file), '/usr/lib/libtesseract.dylib' (no such file), '/Users/apple/eclipse-workspace/Picasso/libtesseract.dylib' (no such file)
dlopen(/Users/apple/Library/Frameworks/tesseract.framework/tesseract, 0x0009): tried: '/Users/apple/Library/Frameworks/tesseract.framework/tesseract' (no such file), '/System/Library/Frameworks/tesseract.framework/tesseract' (no such file)
dlopen(/Library/Frameworks/tesseract.framework/tesseract, 0x0009): tried: '/Library/Frameworks/tesseract.framework/tesseract' (no such file), '/System/Library/Frameworks/tesseract.framework/tesseract' (no such file)
dlopen(/System/Library/Frameworks/tesseract.framework/tesseract, 0x0009): tried: '/System/Library/Frameworks/tesseract.framework/tesseract' (no such file)
Native library (darwin-x86-64/libtesseract.dylib) not found in resource path (/Users/apple/eclipse/java-2023-09/Eclipse.app/Contents/Eclipse/configuration/org.eclipse.osgi/514/0/.cp/lib/testng-remote.jar:/Users/apple/eclipse-workspace/Picasso/target/test-classes:/Users/apple/eclipse-workspace/Picasso/target/classes:/Users/apple/.p2/pool/plugins/org.testng_7.4.0.r202105021533.jar:/Users/apple/.p2/pool/plugins/com.beust.jcommander_1.78.0.jar:/Users/apple/.p2/pool/plugins/org.apache-extras.beanshell.bsh_2.0.0.b6.jar:/Users/apple/.p2/pool/plugins/org.yaml.snakeyaml_1.21.0.jar:/Users/apple/.p2/pool/plugins/org.webjars.jquery_3.5.1.jar:/Users/apple/.m2/repository/org/apache/poi/poi-ooxml/5.2.4/poi-ooxml-5.2.4.jar:/Users/apple/.m2/repository/org/apache/poi/poi-ooxml-lite/5.2.4/poi-ooxml-lite-5.2.4.jar:/Users/apple/.m2/repository/org/apache/xmlbeans/xmlbeans/5.1.1/xmlbeans-5.1.1.jar:/Users/apple/.m2/repository/org/apache/commons/commons-compress/1.24.0/commons-compress-1.24.0.jar:/Users/apple/.m2/repository/commons-io/commons-io/2.13.0/commons-io-2.13.0.jar:/Users/apple/.m2/repository/com/github/virtuald/curvesapi/1.08/curvesapi-1.08.jar:/Users/apple/.m2/repository/org/apache/logging/log4j/log4j-api/2.20.0/log4j-api-2.20.0.jar:/Users/apple/.m2/repository/org/apache/commons/commons-collections4/4.4/commons-collections4-4.4.jar:/Users/apple/.m2/repository/org/apache/poi/poi/3.17/poi-3.17.jar:/Users/apple/.m2/repository/commons-codec/commons-codec/1.10/commons-codec-1.10.jar:/Users/apple/.m2/repository/org/testng/testng/7.8.0/testng-7.8.0.jar:/Users/apple/.m2/repository/com/beust/jcommander/1.82/jcommander-1.82.jar:/Users/apple/.m2/repository/org/webjars/jquery/3.6.1/jquery-3.6.1.jar:/Users/apple/.m2/repository/org/seleniumhq/selenium/selenium-java/4.19.1/selenium-java-4.19.1.jar:/Users/apple/.m2/repository/org/seleniumhq/selenium/selenium-api/4.19.1/selenium-api-4.19.1.jar:/Users/apple/.m2/repository/org/seleniumhq/selenium/selenium-chrome-driver/4.19.1/selenium-chrome-driver-4.19.1.jar:/Users/apple/.m2/repository/com/google/auto/service/auto-service-annotations/1.1.1/auto-service-annotations-1.1.1.jar:/Users/apple/.m2/repository/org/seleniumhq/selenium/selenium-chromium-driver/4.19.1/selenium-chromium-driver-4.19.1.jar:/Users/apple/.m2/repository/org/seleniumhq/selenium/selenium-json/4.19.1/selenium-json-4.19.1.jar:/Users/apple/.m2/repository/org/seleniumhq/selenium/selenium-manager/4.19.1/selenium-manager-4.19.1.jar:/Users/apple/.m2/repository/org/seleniumhq/selenium/selenium-devtools-v121/4.19.1/selenium-devtools-v121-4.19.1.jar:/Users/apple/.m2/repository/org/seleniumhq/selenium/selenium-devtools-v122/4.19.1/selenium-devtools-v122-4.19.1.jar:/Users/apple/.m2/repository/org/seleniumhq/selenium/selenium-devtools-v123/4.19.1/selenium-devtools-v123-4.19.1.jar:/Users/apple/.m2/repository/org/seleniumhq/selenium/selenium-devtools-v85/4.19.1/selenium-devtools-v85-4.19.1.jar:/Users/apple/.m2/repository/org/seleniumhq/selenium/selenium-edge-driver/4.19.1/selenium-edge-driver-4.19.1.jar:/Users/apple/.m2/repository/org/seleniumhq/selenium/selenium-firefox-driver/4.19.1/selenium-firefox-driver-4.19.1.jar:/Users/apple/.m2/repository/org/seleniumhq/selenium/selenium-http/4.19.1/selenium-http-4.19.1.jar:/Users/apple/.m2/repository/dev/failsafe/failsafe/3.3.2/failsafe-3.3.2.jar:/Users/apple/.m2/repository/org/seleniumhq/selenium/selenium-ie-driver/4.19.1/selenium-ie-driver-4.19.1.jar:/Users/apple/.m2/repository/org/seleniumhq/selenium/selenium-remote-driver/4.19.1/selenium-remote-driver-4.19.1.jar:/Users/apple/.m2/repository/com/google/guava/guava/33.1.0-jre/guava-33.1.0-jre.jar:/Users/apple/.m2/repository/com/google/guava/failureaccess/1.0.2/failureaccess-1.0.2.jar:/Users/apple/.m2/repository/com/google/guava/listenablefuture/9999.0-empty-to-avoid-conflict-with-guava/listenablefuture-9999.0-empty-to-avoid-conflict-with-guava.jar:/Users/apple/.m2/repository/com/google/code/findbugs/jsr305/3.0.2/jsr305-3.0.2.jar:/Users/apple/.m2/repository/org/checkerframework/checker-qual/3.42.0/checker-qual-3.42.0.jar:/Users/apple/.m2/repository/com/google/errorprone/error_prone_annotations/2.26.1/error_prone_annotations-2.26.1.jar:/Users/apple/.m2/repository/com/google/j2objc/j2objc-annotations/3.0.0/j2objc-annotations-3.0.0.jar:/Users/apple/.m2/repository/io/opentelemetry/semconv/opentelemetry-semconv/1.23.1-alpha/opentelemetry-semconv-1.23.1-alpha.jar:/Users/apple/.m2/repository/io/opentelemetry/opentelemetry-api/1.36.0/opentelemetry-api-1.36.0.jar:/Users/apple/.m2/repository/io/opentelemetry/opentelemetry-context/1.36.0/opentelemetry-context-1.36.0.jar:/Users/apple/.m2/repository/io/opentelemetry/opentelemetry-exporter-logging/1.36.0/opentelemetry-exporter-logging-1.36.0.jar:/Users/apple/.m2/repository/io/opentelemetry/opentelemetry-sdk-common/1.36.0/opentelemetry-sdk-common-1.36.0.jar:/Users/apple/.m2/repository/io/opentelemetry/opentelemetry-sdk-extension-autoconfigure-spi/1.36.0/opentelemetry-sdk-extension-autoconfigure-spi-1.36.0.jar:/Users/apple/.m2/repository/io/opentelemetry/opentelemetry-sdk-extension-autoconfigure/1.36.0/opentelemetry-sdk-extension-autoconfigure-1.36.0.jar:/Users/apple/.m2/repository/io/opentelemetry/opentelemetry-api-events/1.36.0-alpha/opentelemetry-api-events-1.36.0-alpha.jar:/Users/apple/.m2/repository/io/opentelemetry/opentelemetry-sdk-trace/1.36.0/opentelemetry-sdk-trace-1.36.0.jar:/Users/apple/.m2/repository/io/opentelemetry/opentelemetry-extension-incubator/1.36.0-alpha/opentelemetry-extension-incubator-1.36.0-alpha.jar:/Users/apple/.m2/repository/io/opentelemetry/opentelemetry-sdk/1.36.0/opentelemetry-sdk-1.36.0.jar:/Users/apple/.m2/repository/io/opentelemetry/opentelemetry-sdk-metrics/1.36.0/opentelemetry-sdk-metrics-1.36.0.jar:/Users/apple/.m2/repository/io/opentelemetry/opentelemetry-sdk-logs/1.36.0/opentelemetry-sdk-logs-1.36.0.jar:/Users/apple/.m2/repository/net/bytebuddy/byte-buddy/1.14.12/byte-buddy-1.14.12.jar:/Users/apple/.m2/repository/org/seleniumhq/selenium/selenium-os/4.19.1/selenium-os-4.19.1.jar:/Users/apple/.m2/repository/org/apache/commons/commons-exec/1.3/commons-exec-1.3.jar:/Users/apple/.m2/repository/org/seleniumhq/selenium/selenium-safari-driver/4.19.1/selenium-safari-driver-4.19.1.jar:/Users/apple/.m2/repository/org/seleniumhq/selenium/selenium-support/4.19.1/selenium-support-4.19.1.jar:/Users/apple/.m2/repository/net/sourceforge/tess4j/tess4j/5.10.0/tess4j-5.10.0.jar:/Users/apple/.m2/repository/net/java/dev/jna/jna/5.14.0/jna-5.14.0.jar:/Users/apple/.m2/repository/com/github/jai-imageio/jai-imageio-core/1.4.0/jai-imageio-core-1.4.0.jar:/Users/apple/.m2/repository/org/apache/pdfbox/pdfbox/3.0.1/pdfbox-3.0.1.jar:/Users/apple/.m2/repository/org/apache/pdfbox/pdfbox-io/3.0.1/pdfbox-io-3.0.1.jar:/Users/apple/.m2/repository/org/apache/pdfbox/fontbox/3.0.1/fontbox-3.0.1.jar:/Users/apple/.m2/repository/commons-logging/commons-logging/1.2/commons-logging-1.2.jar:/Users/apple/.m2/repository/org/junit/jupiter/junit-jupiter/5.10.1/junit-jupiter-5.10.1.jar:/Users/apple/.m2/repository/org/junit/jupiter/junit-jupiter-api/5.10.1/junit-jupiter-api-5.10.1.jar:/Users/apple/.m2/repository/org/opentest4j/opentest4j/1.3.0/opentest4j-1.3.0.jar:/Users/apple/.m2/repository/org/junit/platform/junit-platform-commons/1.10.1/junit-platform-commons-1.10.1.jar:/Users/apple/.m2/repository/org/apiguardian/apiguardian-api/1.1.2/apiguardian-api-1.1.2.jar:/Users/apple/.m2/repository/org/junit/jupiter/junit-jupiter-params/5.10.1/junit-jupiter-params-5.10.1.jar:/Users/apple/.m2/repository/org/junit/jupiter/junit-jupiter-engine/5.10.1/junit-jupiter-engine-5.10.1.jar:/Users/apple/.m2/repository/org/junit/platform/junit-platform-engine/1.10.1/junit-platform-engine-1.10.1.jar:/Users/apple/.m2/repository/org/apache/pdfbox/pdfbox-tools/3.0.1/pdfbox-tools-3.0.1.jar:/Users/apple/.m2/repository/org/apache/pdfbox/pdfbox-debugger/3.0.1/pdfbox-debugger-3.0.1.jar:/Users/apple/.m2/repository/info/picocli/picocli/4.7.5/picocli-4.7.5.jar:/Users/apple/.m2/repository/org/apache/pdfbox/jbig2-imageio/3.0.4/jbig2-imageio-3.0.4.jar:/Users/apple/.m2/repository/net/sourceforge/lept4j/lept4j/1.19.0/lept4j-1.19.0.jar:/Users/apple/.m2/repository/org/jboss/jboss-vfs/3.2.17.Final/jboss-vfs-3.2.17.Final.jar:/Users/apple/.m2/repository/org/jboss/logging/jboss-logging/3.1.4.GA/jboss-logging-3.1.4.GA.jar:/Users/apple/.m2/repository/org/bytedeco/tesseract-platform/5.3.1-1.5.9/tesseract-platform-5.3.1-1.5.9.jar:/Users/apple/.m2/repository/org/bytedeco/leptonica-platform/1.83.0-1.5.9/leptonica-platform-1.83.0-1.5.9.jar:/Users/apple/.m2/repository/org/bytedeco/javacpp-platform/1.5.9/javacpp-platform-1.5.9.jar:/Users/apple/.m2/repository/org/bytedeco/javacpp/1.5.9/javacpp-1.5.9-android-arm.jar:/Users/apple/.m2/repository/org/bytedeco/javacpp/1.5.9/javacpp-1.5.9-android-arm64.jar:/Users/apple/.m2/repository/org/bytedeco/javacpp/1.5.9/javacpp-1.5.9-android-x86.jar:/Users/apple/.m2/repository/org/bytedeco/javacpp/1.5.9/javacpp-1.5.9-android-x86_64.jar:/Users/apple/.m2/repository/org/bytedeco/javacpp/1.5.9/javacpp-1.5.9-ios-arm64.jar:/Users/apple/.m2/repository/org/bytedeco/javacpp/1.5.9/javacpp-1.5.9-ios-x86_64.jar:/Users/apple/.m2/repository/org/bytedeco/javacpp/1.5.9/javacpp-1.5.9-linux-armhf.jar:/Users/apple/.m2/repository/org/bytedeco/javacpp/1.5.9/javacpp-1.5.9-linux-arm64.jar:/Users/apple/.m2/repository/org/bytedeco/javacpp/1.5.9/javacpp-1.5.9-linux-ppc64le.jar:/Users/apple/.m2/repository/org/bytedeco/javacpp/1.5.9/javacpp-1.5.9-linux-x86.jar:/Users/apple/.m2/repository/org/bytedeco/javacpp/1.5.9/javacpp-1.5.9-linux-x86_64.jar:/Users/apple/.m2/repository/org/bytedeco/javacpp/1.5.9/javacpp-1.5.9-macosx-arm64.jar:/Users/apple/.m2/repository/org/bytedeco/javacpp/1.5.9/javacpp-1.5.9-macosx-x86_64.jar:/Users/apple/.m2/repository/org/bytedeco/javacpp/1.5.9/javacpp-1.5.9-windows-x86.jar:/Users/apple/.m2/repository/org/bytedeco/javacpp/1.5.9/javacpp-1.5.9-windows-x86_64.jar:/Users/apple/.m2/repository/org/bytedeco/leptonica/1.83.0-1.5.9/leptonica-1.83.0-1.5.9.jar:/Users/apple/.m2/repository/org/bytedeco/leptonica/1.83.0-1.5.9/leptonica-1.83.0-1.5.9-android-arm.jar:/Users/apple/.m2/repository/org/bytedeco/leptonica/1.83.0-1.5.9/leptonica-1.83.0-1.5.9-android-arm64.jar:/Users/apple/.m2/repository/org/bytedeco/leptonica/1.83.0-1.5.9/leptonica-1.83.0-1.5.9-android-x86.jar:/Users/apple/.m2/repository/org/bytedeco/leptonica/1.83.0-1.5.9/leptonica-1.83.0-1.5.9-android-x86_64.jar:/Users/apple/.m2/repository/org/bytedeco/leptonica/1.83.0-1.5.9/leptonica-1.83.0-1.5.9-linux-x86.jar:/Users/apple/.m2/repository/org/bytedeco/leptonica/1.83.0-1.5.9/leptonica-1.83.0-1.5.9-linux-x86_64.jar:/Users/apple/.m2/repository/org/bytedeco/leptonica/1.83.0-1.5.9/leptonica-1.83.0-1.5.9-linux-armhf.jar:/Users/apple/.m2/repository/org/bytedeco/leptonica/1.83.0-1.5.9/leptonica-1.83.0-1.5.9-linux-arm64.jar:/Users/apple/.m2/repository/org/bytedeco/leptonica/1.83.0-1.5.9/leptonica-1.83.0-1.5.9-linux-ppc64le.jar:/Users/apple/.m2/repository/org/bytedeco/leptonica/1.83.0-1.5.9/leptonica-1.83.0-1.5.9-macosx-arm64.jar:/Users/apple/.m2/repository/org/bytedeco/leptonica/1.83.0-1.5.9/leptonica-1.83.0-1.5.9-macosx-x86_64.jar:/Users/apple/.m2/repository/org/bytedeco/leptonica/1.83.0-1.5.9/leptonica-1.83.0-1.5.9-windows-x86.jar:/Users/apple/.m2/repository/org/bytedeco/leptonica/1.83.0-1.5.9/leptonica-1.83.0-1.5.9-windows-x86_64.jar:/Users/apple/.m2/repository/org/bytedeco/tesseract/5.3.1-1.5.9/tesseract-5.3.1-1.5.9.jar:/Users/apple/.m2/repository/org/bytedeco/javacpp/1.5.9/javacpp-1.5.9.jar:/Users/apple/.m2/repository/org/bytedeco/tesseract/5.3.1-1.5.9/tesseract-5.3.1-1.5.9-android-arm.jar:/Users/apple/.m2/repository/org/bytedeco/tesseract/5.3.1-1.5.9/tesseract-5.3.1-1.5.9-android-arm64.jar:/Users/apple/.m2/repository/org/bytedeco/tesseract/5.3.1-1.5.9/tesseract-5.3.1-1.5.9-android-x86.jar:/Users/apple/.m2/repository/org/bytedeco/tesseract/5.3.1-1.5.9/tesseract-5.3.1-1.5.9-android-x86_64.jar:/Users/apple/.m2/repository/org/bytedeco/tesseract/5.3.1-1.5.9/tesseract-5.3.1-1.5.9-linux-x86.jar:/Users/apple/.m2/repository/org/bytedeco/tesseract/5.3.1-1.5.9/tesseract-5.3.1-1.5.9-linux-x86_64.jar:/Users/apple/.m2/repository/org/bytedeco/tesseract/5.3.1-1.5.9/tesseract-5.3.1-1.5.9-linux-armhf.jar:/Users/apple/.m2/repository/org/bytedeco/tesseract/5.3.1-1.5.9/tesseract-5.3.1-1.5.9-linux-arm64.jar:/Users/apple/.m2/repository/org/bytedeco/tesseract/5.3.1-1.5.9/tesseract-5.3.1-1.5.9-linux-ppc64le.jar:/Users/apple/.m2/repository/org/bytedeco/tesseract/5.3.1-1.5.9/tesseract-5.3.1-1.5.9-macosx-arm64.jar:/Users/apple/.m2/repository/org/bytedeco/tesseract/5.3.1-1.5.9/tesseract-5.3.1-1.5.9-macosx-x86_64.jar:/Users/apple/.m2/repository/org/bytedeco/tesseract/5.3.1-1.5.9/tesseract-5.3.1-1.5.9-windows-x86.jar:/Users/apple/.m2/repository/org/bytedeco/tesseract/5.3.1-1.5.9/tesseract-5.3.1-1.5.9-windows-x86_64.jar:/Users/apple/.m2/repository/org/slf4j/slf4j-api/1.7.32/slf4j-api-1.7.32.jar:/Users/apple/.m2/repository/ch/qos/logback/logback-classic/1.2.6/logback-classic-1.2.6.jar:/Users/apple/.m2/repository/ch/qos/logback/logback-core/1.2.6/logback-core-1.2.6.jar)
at com.sun.jna.NativeLibrary.loadLibrary(NativeLibrary.java:325)
at com.sun.jna.NativeLibrary.getInstance(NativeLibrary.java:481)
at com.sun.jna.Library$Handler.<init>(Library.java:197)
at com.sun.jna.Native.load(Native.java:618)
at com.sun.jna.Native.load(Native.java:592)
at net.sourceforge.tess4j.util.LoadLibs.getTessAPIInstance(LoadLibs.java:83)
at net.sourceforge.tess4j.TessAPI.<clinit>(TessAPI.java:42)
at net.sourceforge.tess4j.Tesseract.init(Tesseract.java:518)
at net.sourceforge.tess4j.Tesseract.doOCR(Tesseract.java:244)
at net.sourceforge.tess4j.Tesseract.doOCR(Tesseract.java:200)
at AC.Test1.m1(Test1.java:86)
at java.base/jdk.internal.reflect.DirectMethodHandleAccessor.invoke(DirectMethodHandleAccessor.java:103)
at java.base/java.lang.reflect.Method.invoke(Method.java:580)
at org.testng.internal.MethodInvocationHelper.invokeMethod(MethodInvocationHelper.java:133)
at org.testng.internal.TestInvoker.invokeMethod(TestInvoker.java:598)
at org.testng.internal.TestInvoker.invokeTestMethod(TestInvoker.java:173)
at org.testng.internal.MethodRunner.runInSequence(MethodRunner.java:46)
at org.testng.internal.TestInvoker$MethodInvocationAgent.invoke(TestInvoker.java:824)
at org.testng.internal.TestInvoker.invokeTestMethods(TestInvoker.java:146)
at org.testng.internal.TestMethodWorker.invokeTestMethods(TestMethodWorker.java:146)
at org.testng.internal.TestMethodWorker.run(TestMethodWorker.java:128)
at java.base/java.util.ArrayList.forEach(ArrayList.java:1596)
at org.testng.TestRunner.privateRun(TestRunner.java:794)
at org.testng.TestRunner.run(TestRunner.java:596)
at org.testng.SuiteRunner.runTest(SuiteRunner.java:377)
at org.testng.SuiteRunner.runSequentially(SuiteRunner.java:371)
at org.testng.SuiteRunner.privateRun(SuiteRunner.java:332)
at org.testng.SuiteRunner.run(SuiteRunner.java:276)
at org.testng.SuiteRunnerWorker.runSuite(SuiteRunnerWorker.java:53)
at org.testng.SuiteRunnerWorker.run(SuiteRunnerWorker.java:96)
at org.testng.TestNG.runSuitesSequentially(TestNG.java:1212)
at org.testng.TestNG.runSuitesLocally(TestNG.java:1134)
at org.testng.TestNG.runSuites(TestNG.java:1063)
at org.testng.TestNG.run(TestNG.java:1031)
at org.testng.remote.AbstractRemoteTestNG.run(AbstractRemoteTestNG.java:115)
at org.testng.remote.RemoteTestNG.initAndRun(RemoteTestNG.java:251)
at org.testng.remote.RemoteTestNG.main(RemoteTestNG.java:77)
Suppressed: java.lang.UnsatisfiedLinkError: dlopen(libtesseract.dylib, 0x0009): tried: '/Library/Java/JavaVirtualMachines/jdk-21.jdk/Contents/Home/bin/./libtesseract.dylib' (no such file), '/Library/Java/JavaVirtualMachines/jdk-21.jdk/Contents/Home/bin/../lib/libtesseract.dylib' (no such file), 'libtesseract.dylib' (no such file), '/usr/lib/libtesseract.dylib' (no such file), '/Users/apple/eclipse-workspace/Picasso/libtesseract.dylib' (no such file)
at com.sun.jna.Native.open(Native Method)
at com.sun.jna.NativeLibrary.loadLibrary(NativeLibrary.java:213)
... 36 more
Suppressed: java.lang.UnsatisfiedLinkError: dlopen(libtesseract.dylib, 0x0009): tried: '/Library/Java/JavaVirtualMachines/jdk-21.jdk/Contents/Home/bin/./libtesseract.dylib' (no such file), '/Library/Java/JavaVirtualMachines/jdk-21.jdk/Contents/Home/bin/../lib/libtesseract.dylib' (no such file), 'libtesseract.dylib' (no such file), '/usr/lib/libtesseract.dylib' (no such file), '/Users/apple/eclipse-workspace/Picasso/libtesseract.dylib' (no such file)
at com.sun.jna.Native.open(Native Method)
at com.sun.jna.NativeLibrary.loadLibrary(NativeLibrary.java:226)
... 36 more
Suppressed: java.lang.UnsatisfiedLinkError: dlopen(/Users/apple/Library/Frameworks/tesseract.framework/tesseract, 0x0009): tried: '/Users/apple/Library/Frameworks/tesseract.framework/tesseract' (no such file), '/System/Library/Frameworks/tesseract.framework/tesseract' (no such file)
at com.sun.jna.Native.open(Native Method)
at com.sun.jna.NativeLibrary.loadLibrary(NativeLibrary.java:270)
... 36 more
Suppressed: java.lang.UnsatisfiedLinkError: dlopen(/Library/Frameworks/tesseract.framework/tesseract, 0x0009): tried: '/Library/Frameworks/tesseract.framework/tesseract' (no such file), '/System/Library/Frameworks/tesseract.framework/tesseract' (no such file)
at com.sun.jna.Native.open(Native Method)
at com.sun.jna.NativeLibrary.loadLibrary(NativeLibrary.java:270)
... 36 more
Suppressed: java.lang.UnsatisfiedLinkError: dlopen(/System/Library/Frameworks/tesseract.framework/tesseract, 0x0009): tried: '/System/Library/Frameworks/tesseract.framework/tesseract' (no such file)
at com.sun.jna.Native.open(Native Method)
at com.sun.jna.NativeLibrary.loadLibrary(NativeLibrary.java:270)
... 36 more
Suppressed: java.io.IOException: Native library (darwin-x86-64/libtesseract.dylib) not found in resource path (/Users/apple/eclipse/java-2023-09/Eclipse.app/Contents/Eclipse/configuration/org.eclipse.osgi/514/0/.cp/lib/testng-remote.jar:/Users/apple/eclipse-workspace/Picasso/target/test-classes:/Users/apple/eclipse-workspace/Picasso/target/classes:/Users/apple/.p2/pool/plugins/org.testng_7.4.0.r202105021533.jar:/Users/apple/.p2/pool/plugins/com.beust.jcommander_1.78.0.jar:/Users/apple/.p2/pool/plugins/org.apache-extras.beanshell.bsh_2.0.0.b6.jar:/Users/apple/.p2/pool/plugins/org.yaml.snakeyaml_1.21.0.jar:/Users/apple/.p2/pool/plugins/org.webjars.jquery_3.5.1.jar:/Users/apple/.m2/repository/org/apache/poi/poi-ooxml/5.2.4/poi-ooxml-5.2.4.jar:/Users/apple/.m2/repository/org/apache/poi/poi-ooxml-lite/5.2.4/poi-ooxml-lite-5.2.4.jar:/Users/apple/.m2/repository/org/apache/xmlbeans/xmlbeans/5.1.1/xmlbeans-5.1.1.jar:/Users/apple/.m2/repository/org/apache/commons/commons-compress/1.24.0/commons-compress-1.24.0.jar:/Users/apple/.m2/repository/commons-io/commons-io/2.13.0/commons-io-2.13.0.jar:/Users/apple/.m2/repository/com/github/virtuald/curvesapi/1.08/curvesapi-1.08.jar:/Users/apple/.m2/repository/org/apache/logging/log4j/log4j-api/2.20.0/log4j-api-2.20.0.jar:/Users/apple/.m2/repository/org/apache/commons/commons-collections4/4.4/commons-collections4-4.4.jar:/Users/apple/.m2/repository/org/apache/poi/poi/3.17/poi-3.17.jar:/Users/apple/.m2/repository/commons-codec/commons-codec/1.10/commons-codec-1.10.jar:/Users/apple/.m2/repository/org/testng/testng/7.8.0/testng-7.8.0.jar:/Users/apple/.m2/repository/com/beust/jcommander/1.82/jcommander-1.82.jar:/Users/apple/.m2/repository/org/webjars/jquery/3.6.1/jquery-3.6.1.jar:/Users/apple/.m2/repository/org/seleniumhq/selenium/selenium-java/4.19.1/selenium-java-4.19.1.jar:/Users/apple/.m2/repository/org/seleniumhq/selenium/selenium-api/4.19.1/selenium-api-4.19.1.jar:/Users/apple/.m2/repository/org/seleniumhq/selenium/selenium-chrome-driver/4.19.1/selenium-chrome-driver-4.19.1.jar:/Users/apple/.m2/repository/com/google/auto/service/auto-service-annotations/1.1.1/auto-service-annotations-1.1.1.jar:/Users/apple/.m2/repository/org/seleniumhq/selenium/selenium-chromium-driver/4.19.1/selenium-chromium-driver-4.19.1.jar:/Users/apple/.m2/repository/org/seleniumhq/selenium/selenium-json/4.19.1/selenium-json-4.19.1.jar:/Users/apple/.m2/repository/org/seleniumhq/selenium/selenium-manager/4.19.1/selenium-manager-4.19.1.jar:/Users/apple/.m2/repository/org/seleniumhq/selenium/selenium-devtools-v121/4.19.1/selenium-devtools-v121-4.19.1.jar:/Users/apple/.m2/repository/org/seleniumhq/selenium/selenium-devtools-v122/4.19.1/selenium-devtools-v122-4.19.1.jar:/Users/apple/.m2/repository/org/seleniumhq/selenium/selenium-devtools-v123/4.19.1/selenium-devtools-v123-4.19.1.jar:/Users/apple/.m2/repository/org/seleniumhq/selenium/selenium-devtools-v85/4.19.1/selenium-devtools-v85-4.19.1.jar:/Users/apple/.m2/repository/org/seleniumhq/selenium/selenium-edge-driver/4.19.1/selenium-edge-driver-4.19.1.jar:/Users/apple/.m2/repository/org/seleniumhq/selenium/selenium-firefox-driver/4.19.1/selenium-firefox-driver-4.19.1.jar:/Users/apple/.m2/repository/org/seleniumhq/selenium/selenium-http/4.19.1/selenium-http-4.19.1.jar:/Users/apple/.m2/repository/dev/failsafe/failsafe/3.3.2/failsafe-3.3.2.jar:/Users/apple/.m2/repository/org/seleniumhq/selenium/selenium-ie-driver/4.19.1/selenium-ie-driver-4.19.1.jar:/Users/apple/.m2/repository/org/seleniumhq/selenium/selenium-remote-driver/4.19.1/selenium-remote-driver-4.19.1.jar:/Users/apple/.m2/repository/com/google/guava/guava/33.1.0-jre/guava-33.1.0-jre.jar:/Users/apple/.m2/repository/com/google/guava/failureaccess/1.0.2/failureaccess-1.0.2.jar:/Users/apple/.m2/repository/com/google/guava/listenablefuture/9999.0-empty-to-avoid-conflict-with-guava/listenablefuture-9999.0-empty-to-avoid-conflict-with-guava.jar:/Users/apple/.m2/repository/com/google/code/findbugs/jsr305/3.0.2/jsr305-3.0.2.jar:/Users/apple/.m2/repository/org/checkerframework/checker-qual/3.42.0/checker-qual-3.42.0.jar:/Users/apple/.m2/repository/com/google/errorprone/error_prone_annotations/2.26.1/error_prone_annotations-2.26.1.jar:/Users/apple/.m2/repository/com/google/j2objc/j2objc-annotations/3.0.0/j2objc-annotations-3.0.0.jar:/Users/apple/.m2/repository/io/opentelemetry/semconv/opentelemetry-semconv/1.23.1-alpha/opentelemetry-semconv-1.23.1-alpha.jar:/Users/apple/.m2/repository/io/opentelemetry/opentelemetry-api/1.36.0/opentelemetry-api-1.36.0.jar:/Users/apple/.m2/repository/io/opentelemetry/opentelemetry-context/1.36.0/opentelemetry-context-1.36.0.jar:/Users/apple/.m2/repository/io/opentelemetry/opentelemetry-exporter-logging/1.36.0/opentelemetry-exporter-logging-1.36.0.jar:/Users/apple/.m2/repository/io/opentelemetry/opentelemetry-sdk-common/1.36.0/opentelemetry-sdk-common-1.36.0.jar:/Users/apple/.m2/repository/io/opentelemetry/opentelemetry-sdk-extension-autoconfigure-spi/1.36.0/opentelemetry-sdk-extension-autoconfigure-spi-1.36.0.jar:/Users/apple/.m2/repository/io/opentelemetry/opentelemetry-sdk-extension-autoconfigure/1.36.0/opentelemetry-sdk-extension-autoconfigure-1.36.0.jar:/Users/apple/.m2/repository/io/opentelemetry/opentelemetry-api-events/1.36.0-alpha/opentelemetry-api-events-1.36.0-alpha.jar:/Users/apple/.m2/repository/io/opentelemetry/opentelemetry-sdk-trace/1.36.0/opentelemetry-sdk-trace-1.36.0.jar:/Users/apple/.m2/repository/io/opentelemetry/opentelemetry-extension-incubator/1.36.0-alpha/opentelemetry-extension-incubator-1.36.0-alpha.jar:/Users/apple/.m2/repository/io/opentelemetry/opentelemetry-sdk/1.36.0/opentelemetry-sdk-1.36.0.jar:/Users/apple/.m2/repository/io/opentelemetry/opentelemetry-sdk-metrics/1.36.0/opentelemetry-sdk-metrics-1.36.0.jar:/Users/apple/.m2/repository/io/opentelemetry/opentelemetry-sdk-logs/1.36.0/opentelemetry-sdk-logs-1.36.0.jar:/Users/apple/.m2/repository/net/bytebuddy/byte-buddy/1.14.12/byte-buddy-1.14.12.jar:/Users/apple/.m2/repository/org/seleniumhq/selenium/selenium-os/4.19.1/selenium-os-4.19.1.jar:/Users/apple/.m2/repository/org/apache/commons/commons-exec/1.3/commons-exec-1.3.jar:/Users/apple/.m2/repository/org/seleniumhq/selenium/selenium-safari-driver/4.19.1/selenium-safari-driver-4.19.1.jar:/Users/apple/.m2/repository/org/seleniumhq/selenium/selenium-support/4.19.1/selenium-support-4.19.1.jar:/Users/apple/.m2/repository/net/sourceforge/tess4j/tess4j/5.10.0/tess4j-5.10.0.jar:/Users/apple/.m2/repository/net/java/dev/jna/jna/5.14.0/jna-5.14.0.jar:/Users/apple/.m2/repository/com/github/jai-imageio/jai-imageio-core/1.4.0/jai-imageio-core-1.4.0.jar:/Users/apple/.m2/repository/org/apache/pdfbox/pdfbox/3.0.1/pdfbox-3.0.1.jar:/Users/apple/.m2/repository/org/apache/pdfbox/pdfbox-io/3.0.1/pdfbox-io-3.0.1.jar:/Users/apple/.m2/repository/org/apache/pdfbox/fontbox/3.0.1/fontbox-3.0.1.jar:/Users/apple/.m2/repository/commons-logging/commons-logging/1.2/commons-logging-1.2.jar:/Users/apple/.m2/repository/org/junit/jupiter/junit-jupiter/5.10.1/junit-jupiter-5.10.1.jar:/Users/apple/.m2/repository/org/junit/jupiter/junit-jupiter-api/5.10.1/junit-jupiter-api-5.10.1.jar:/Users/apple/.m2/repository/org/opentest4j/opentest4j/1.3.0/opentest4j-1.3.0.jar:/Users/apple/.m2/repository/org/junit/platform/junit-platform-commons/1.10.1/junit-platform-commons-1.10.1.jar:/Users/apple/.m2/repository/org/apiguardian/apiguardian-api/1.1.2/apiguardian-api-1.1.2.jar:/Users/apple/.m2/repository/org/junit/jupiter/junit-jupiter-params/5.10.1/junit-jupiter-params-5.10.1.jar:/Users/apple/.m2/repository/org/junit/jupiter/junit-jupiter-engine/5.10.1/junit-jupiter-engine-5.10.1.jar:/Users/apple/.m2/repository/org/junit/platform/junit-platform-engine/1.10.1/junit-platform-engine-1.10.1.jar:/Users/apple/.m2/repository/org/apache/pdfbox/pdfbox-tools/3.0.1/pdfbox-tools-3.0.1.jar:/Users/apple/.m2/repository/org/apache/pdfbox/pdfbox-debugger/3.0.1/pdfbox-debugger-3.0.1.jar:/Users/apple/.m2/repository/info/picocli/picocli/4.7.5/picocli-4.7.5.jar:/Users/apple/.m2/repository/org/apache/pdfbox/jbig2-imageio/3.0.4/jbig2-imageio-3.0.4.jar:/Users/apple/.m2/repository/net/sourceforge/lept4j/lept4j/1.19.0/lept4j-1.19.0.jar:/Users/apple/.m2/repository/org/jboss/jboss-vfs/3.2.17.Final/jboss-vfs-3.2.17.Final.jar:/Users/apple/.m2/repository/org/jboss/logging/jboss-logging/3.1.4.GA/jboss-logging-3.1.4.GA.jar:/Users/apple/.m2/repository/org/bytedeco/tesseract-platform/5.3.1-1.5.9/tesseract-platform-5.3.1-1.5.9.jar:/Users/apple/.m2/repository/org/bytedeco/leptonica-platform/1.83.0-1.5.9/leptonica-platform-1.83.0-1.5.9.jar:/Users/apple/.m2/repository/org/bytedeco/javacpp-platform/1.5.9/javacpp-platform-1.5.9.jar:/Users/apple/.m2/repository/org/bytedeco/javacpp/1.5.9/javacpp-1.5.9-android-arm.jar:/Users/apple/.m2/repository/org/bytedeco/javacpp/1.5.9/javacpp-1.5.9-android-arm64.jar:/Users/apple/.m2/repository/org/bytedeco/javacpp/1.5.9/javacpp-1.5.9-android-x86.jar:/Users/apple/.m2/repository/org/bytedeco/javacpp/1.5.9/javacpp-1.5.9-android-x86_64.jar:/Users/apple/.m2/repository/org/bytedeco/javacpp/1.5.9/javacpp-1.5.9-ios-arm64.jar:/Users/apple/.m2/repository/org/bytedeco/javacpp/1.5.9/javacpp-1.5.9-ios-x86_64.jar:/Users/apple/.m2/repository/org/bytedeco/javacpp/1.5.9/javacpp-1.5.9-linux-armhf.jar:/Users/apple/.m2/repository/org/bytedeco/javacpp/1.5.9/javacpp-1.5.9-linux-arm64.jar:/Users/apple/.m2/repository/org/bytedeco/javacpp/1.5.9/javacpp-1.5.9-linux-ppc64le.jar:/Users/apple/.m2/repository/org/bytedeco/javacpp/1.5.9/javacpp-1.5.9-linux-x86.jar:/Users/apple/.m2/repository/org/bytedeco/javacpp/1.5.9/javacpp-1.5.9-linux-x86_64.jar:/Users/apple/.m2/repository/org/bytedeco/javacpp/1.5.9/javacpp-1.5.9-macosx-arm64.jar:/Users/apple/.m2/repository/org/bytedeco/javacpp/1.5.9/javacpp-1.5.9-macosx-x86_64.jar:/Users/apple/.m2/repository/org/bytedeco/javacpp/1.5.9/javacpp-1.5.9-windows-x86.jar:/Users/apple/.m2/repository/org/bytedeco/javacpp/1.5.9/javacpp-1.5.9-windows-x86_64.jar:/Users/apple/.m2/repository/org/bytedeco/leptonica/1.83.0-1.5.9/leptonica-1.83.0-1.5.9.jar:/Users/apple/.m2/repository/org/bytedeco/leptonica/1.83.0-1.5.9/leptonica-1.83.0-1.5.9-android-arm.jar:/Users/apple/.m2/repository/org/bytedeco/leptonica/1.83.0-1.5.9/leptonica-1.83.0-1.5.9-android-arm64.jar:/Users/apple/.m2/repository/org/bytedeco/leptonica/1.83.0-1.5.9/leptonica-1.83.0-1.5.9-android-x86.jar:/Users/apple/.m2/repository/org/bytedeco/leptonica/1.83.0-1.5.9/leptonica-1.83.0-1.5.9-android-x86_64.jar:/Users/apple/.m2/repository/org/bytedeco/leptonica/1.83.0-1.5.9/leptonica-1.83.0-1.5.9-linux-x86.jar:/Users/apple/.m2/repository/org/bytedeco/leptonica/1.83.0-1.5.9/leptonica-1.83.0-1.5.9-linux-x86_64.jar:/Users/apple/.m2/repository/org/bytedeco/leptonica/1.83.0-1.5.9/leptonica-1.83.0-1.5.9-linux-armhf.jar:/Users/apple/.m2/repository/org/bytedeco/leptonica/1.83.0-1.5.9/leptonica-1.83.0-1.5.9-linux-arm64.jar:/Users/apple/.m2/repository/org/bytedeco/leptonica/1.83.0-1.5.9/leptonica-1.83.0-1.5.9-linux-ppc64le.jar:/Users/apple/.m2/repository/org/bytedeco/leptonica/1.83.0-1.5.9/leptonica-1.83.0-1.5.9-macosx-arm64.jar:/Users/apple/.m2/repository/org/bytedeco/leptonica/1.83.0-1.5.9/leptonica-1.83.0-1.5.9-macosx-x86_64.jar:/Users/apple/.m2/repository/org/bytedeco/leptonica/1.83.0-1.5.9/leptonica-1.83.0-1.5.9-windows-x86.jar:/Users/apple/.m2/repository/org/bytedeco/leptonica/1.83.0-1.5.9/leptonica-1.83.0-1.5.9-windows-x86_64.jar:/Users/apple/.m2/repository/org/bytedeco/tesseract/5.3.1-1.5.9/tesseract-5.3.1-1.5.9.jar:/Users/apple/.m2/repository/org/bytedeco/javacpp/1.5.9/javacpp-1.5.9.jar:/Users/apple/.m2/repository/org/bytedeco/tesseract/5.3.1-1.5.9/tesseract-5.3.1-1.5.9-android-arm.jar:/Users/apple/.m2/repository/org/bytedeco/tesseract/5.3.1-1.5.9/tesseract-5.3.1-1.5.9-android-arm64.jar:/Users/apple/.m2/repository/org/bytedeco/tesseract/5.3.1-1.5.9/tesseract-5.3.1-1.5.9-android-x86.jar:/Users/apple/.m2/repository/org/bytedeco/tesseract/5.3.1-1.5.9/tesseract-5.3.1-1.5.9-android-x86_64.jar:/Users/apple/.m2/repository/org/bytedeco/tesseract/5.3.1-1.5.9/tesseract-5.3.1-1.5.9-linux-x86.jar:/Users/apple/.m2/repository/org/bytedeco/tesseract/5.3.1-1.5.9/tesseract-5.3.1-1.5.9-linux-x86_64.jar:/Users/apple/.m2/repository/org/bytedeco/tesseract/5.3.1-1.5.9/tesseract-5.3.1-1.5.9-linux-armhf.jar:/Users/apple/.m2/repository/org/bytedeco/tesseract/5.3.1-1.5.9/tesseract-5.3.1-1.5.9-linux-arm64.jar:/Users/apple/.m2/repository/org/bytedeco/tesseract/5.3.1-1.5.9/tesseract-5.3.1-1.5.9-linux-ppc64le.jar:/Users/apple/.m2/repository/org/bytedeco/tesseract/5.3.1-1.5.9/tesseract-5.3.1-1.5.9-macosx-arm64.jar:/Users/apple/.m2/repository/org/bytedeco/tesseract/5.3.1-1.5.9/tesseract-5.3.1-1.5.9-macosx-x86_64.jar:/Users/apple/.m2/repository/org/bytedeco/tesseract/5.3.1-1.5.9/tesseract-5.3.1-1.5.9-windows-x86.jar:/Users/apple/.m2/repository/org/bytedeco/tesseract/5.3.1-1.5.9/tesseract-5.3.1-1.5.9-windows-x86_64.jar:/Users/apple/.m2/repository/org/slf4j/slf4j-api/1.7.32/slf4j-api-1.7.32.jar:/Users/apple/.m2/repository/ch/qos/logback/logback-classic/1.2.6/logback-classic-1.2.6.jar:/Users/apple/.m2/repository/ch/qos/logback/logback-core/1.2.6/logback-core-1.2.6.jar)
at com.sun.jna.Native.extractFromResourcePath(Native.java:1141)
at com.sun.jna.NativeLibrary.loadLibrary(NativeLibrary.java:297)
... 36 more
]]>
    </error>
  </testcase> <!-- m1 -->
  <system-out/>
</testsuite> <!-- AC.Test1 -->
